# JRE version: OpenJDK Runtime Environment (8.0_242-b01) (build 1.8.0_242-release-1644-b01)
# Java VM: OpenJDK 64-Bit Server VM (25.242-b01 mixed mode windows-amd64 compressed oops)
Heap:
 PSYoungGen      total 223232K, used 68902K [0x00000000d5580000, 0x00000000e5080000, 0x0000000100000000)
  eden space 201216K, 23% used [0x00000000d5580000,0x00000000d834efc0,0x00000000e1a00000)
  from space 22016K, 99% used [0x00000000e3380000,0x00000000e48faa20,0x00000000e4900000)
  to   space 26112K, 0% used [0x00000000e1a00000,0x00000000e1a00000,0x00000000e3380000)
 ParOldGen       total 157184K, used 37207K [0x0000000080000000, 0x0000000089980000, 0x00000000d5580000)
  object space 157184K, 23% used [0x0000000080000000,0x0000000082455cd8,0x0000000089980000)
 Metaspace       used 79021K, capacity 82272K, committed 82520K, reserved 1120256K
  class space    used 10702K, capacity 11378K, committed 11392K, reserved 1048576K
GC Heap History (10 events):
Event: 23.257 GC heap before
{Heap before GC invocations=11 (full 2):
 PSYoungGen      total 154112K, used 153775K [0x00000000d5580000, 0x00000000e0f80000, 0x0000000100000000)
  eden space 144384K, 100% used [0x00000000d5580000,0x00000000de280000,0x00000000de280000)
  from space 9728K, 96% used [0x00000000e0600000,0x00000000e0f2be40,0x00000000e0f80000)
  to   space 12800K, 0% used [0x00000000df680000,0x00000000df680000,0x00000000e0300000)
 ParOldGen       total 157184K, used 15026K [0x0000000080000000, 0x0000000089980000, 0x00000000d5580000)
  object space 157184K, 9% used [0x0000000080000000,0x0000000080eac928,0x0000000089980000)
 Metaspace       used 50035K, capacity 52062K, committed 52440K, reserved 1095680K
  class space    used 6653K, capacity 7063K, committed 7168K, reserved 1048576K
Event: 23.283 GC heap after
Heap after GC invocations=11 (full 2):
 PSYoungGen      total 177664K, used 12783K [0x00000000d5580000, 0x00000000e2480000, 0x0000000100000000)
  eden space 164864K, 0% used [0x00000000d5580000,0x00000000d5580000,0x00000000df680000)
  from space 12800K, 99% used [0x00000000df680000,0x00000000e02fbc88,0x00000000e0300000)
  to   space 16384K, 0% used [0x00000000e1480000,0x00000000e1480000,0x00000000e2480000)
 ParOldGen       total 157184K, used 21447K [0x0000000080000000, 0x0000000089980000, 0x00000000d5580000)
  object space 157184K, 13% used [0x0000000080000000,0x00000000814f1c60,0x0000000089980000)
 Metaspace       used 50035K, capacity 52062K, committed 52440K, reserved 1095680K
  class space    used 6653K, capacity 7063K, committed 7168K, reserved 1048576K
}
Event: 25.432 GC heap before
{Heap before GC invocations=12 (full 2):
 PSYoungGen      total 177664K, used 95200K [0x00000000d5580000, 0x00000000e2480000, 0x0000000100000000)
  eden space 164864K, 49% used [0x00000000d5580000,0x00000000da5fc398,0x00000000df680000)
  from space 12800K, 99% used [0x00000000df680000,0x00000000e02fbc88,0x00000000e0300000)
  to   space 16384K, 0% used [0x00000000e1480000,0x00000000e1480000,0x00000000e2480000)
 ParOldGen       total 157184K, used 21447K [0x0000000080000000, 0x0000000089980000, 0x00000000d5580000)
  object space 157184K, 13% used [0x0000000080000000,0x00000000814f1c60,0x0000000089980000)
 Metaspace       used 56718K, capacity 58904K, committed 59028K, reserved 1099776K
  class space    used 7451K, capacity 7864K, committed 7936K, reserved 1048576K
Event: 25.476 GC heap after
Heap after GC invocations=12 (full 2):
 PSYoungGen      total 192000K, used 16360K [0x00000000d5580000, 0x00000000e4a00000, 0x0000000100000000)
  eden space 175616K, 0% used [0x00000000d5580000,0x00000000d5580000,0x00000000e0100000)
  from space 16384K, 99% used [0x00000000e1480000,0x00000000e247a3b0,0x00000000e2480000)
  to   space 19968K, 0% used [0x00000000e0100000,0x00000000e0100000,0x00000000e1480000)
 ParOldGen       total 157184K, used 26233K [0x0000000080000000, 0x0000000089980000, 0x00000000d5580000)
  object space 157184K, 16% used [0x0000000080000000,0x000000008199e528,0x0000000089980000)
 Metaspace       used 56718K, capacity 58904K, committed 59028K, reserved 1099776K
  class space    used 7451K, capacity 7864K, committed 7936K, reserved 1048576K
}
Event: 25.476 GC heap before
{Heap before GC invocations=13 (full 3):
 PSYoungGen      total 192000K, used 16360K [0x00000000d5580000, 0x00000000e4a00000, 0x0000000100000000)
  eden space 175616K, 0% used [0x00000000d5580000,0x00000000d5580000,0x00000000e0100000)
  from space 16384K, 99% used [0x00000000e1480000,0x00000000e247a3b0,0x00000000e2480000)
  to   space 19968K, 0% used [0x00000000e0100000,0x00000000e0100000,0x00000000e1480000)
 ParOldGen       total 157184K, used 26233K [0x0000000080000000, 0x0000000089980000, 0x00000000d5580000)
  object space 157184K, 16% used [0x0000000080000000,0x000000008199e528,0x0000000089980000)
 Metaspace       used 56718K, capacity 58904K, committed 59028K, reserved 1099776K
  class space    used 7451K, capacity 7864K, committed 7936K, reserved 1048576K
Event: 26.145 GC heap after
Heap after GC invocations=13 (full 3):
 PSYoungGen      total 192000K, used 0K [0x00000000d5580000, 0x00000000e4a00000, 0x0000000100000000)
  eden space 175616K, 0% used [0x00000000d5580000,0x00000000d5580000,0x00000000e0100000)
  from space 16384K, 0% used [0x00000000e1480000,0x00000000e1480000,0x00000000e2480000)
  to   space 19968K, 0% used [0x00000000e0100000,0x00000000e0100000,0x00000000e1480000)
 ParOldGen       total 157184K, used 34507K [0x0000000080000000, 0x0000000089980000, 0x00000000d5580000)
  object space 157184K, 21% used [0x0000000080000000,0x00000000821b2ec8,0x0000000089980000)
 Metaspace       used 56708K, capacity 58886K, committed 59028K, reserved 1099776K
  class space    used 7447K, capacity 7859K, committed 7936K, reserved 1048576K
}
Event: 30.083 GC heap before
{Heap before GC invocations=14 (full 3):
 PSYoungGen      total 192000K, used 175616K [0x00000000d5580000, 0x00000000e4a00000, 0x0000000100000000)
  eden space 175616K, 100% used [0x00000000d5580000,0x00000000e0100000,0x00000000e0100000)
  from space 16384K, 0% used [0x00000000e1480000,0x00000000e1480000,0x00000000e2480000)
  to   space 19968K, 0% used [0x00000000e0100000,0x00000000e0100000,0x00000000e1480000)
 ParOldGen       total 157184K, used 34507K [0x0000000080000000, 0x0000000089980000, 0x00000000d5580000)
  object space 157184K, 21% used [0x0000000080000000,0x00000000821b2ec8,0x0000000089980000)
 Metaspace       used 66907K, capacity 69682K, committed 69976K, reserved 1110016K
  class space    used 9000K, capacity 9551K, committed 9600K, reserved 1048576K
Event: 30.114 GC heap after
Heap after GC invocations=14 (full 3):
 PSYoungGen      total 195584K, used 18178K [0x00000000d5580000, 0x00000000e4900000, 0x0000000100000000)
  eden space 175616K, 0% used [0x00000000d5580000,0x00000000d5580000,0x00000000e0100000)
  from space 19968K, 91% used [0x00000000e0100000,0x00000000e12c0810,0x00000000e1480000)
  to   space 22016K, 0% used [0x00000000e3380000,0x00000000e3380000,0x00000000e4900000)
 ParOldGen       total 157184K, used 34515K [0x0000000080000000, 0x0000000089980000, 0x00000000d5580000)
  object space 157184K, 21% used [0x0000000080000000,0x00000000821b4ec8,0x0000000089980000)
 Metaspace       used 66907K, capacity 69682K, committed 69976K, reserved 1110016K
  class space    used 9000K, capacity 9551K, committed 9600K, reserved 1048576K
}
Event: 33.777 GC heap before
{Heap before GC invocations=15 (full 3):
 PSYoungGen      total 195584K, used 193794K [0x00000000d5580000, 0x00000000e4900000, 0x0000000100000000)
  eden space 175616K, 100% used [0x00000000d5580000,0x00000000e0100000,0x00000000e0100000)
  from space 19968K, 91% used [0x00000000e0100000,0x00000000e12c0810,0x00000000e1480000)
  to   space 22016K, 0% used [0x00000000e3380000,0x00000000e3380000,0x00000000e4900000)
 ParOldGen       total 157184K, used 34515K [0x0000000080000000, 0x0000000089980000, 0x00000000d5580000)
  object space 157184K, 21% used [0x0000000080000000,0x00000000821b4ec8,0x0000000089980000)
 Metaspace       used 75183K, capacity 78354K, committed 78424K, reserved 1116160K
  class space    used 10226K, capacity 10862K, committed 10880K, reserved 1048576K
Event: 33.813 GC heap after
Heap after GC invocations=15 (full 3):
 PSYoungGen      total 223232K, used 21994K [0x00000000d5580000, 0x00000000e5080000, 0x0000000100000000)
  eden space 201216K, 0% used [0x00000000d5580000,0x00000000d5580000,0x00000000e1a00000)
  from space 22016K, 99% used [0x00000000e3380000,0x00000000e48faa20,0x00000000e4900000)
  to   space 26112K, 0% used [0x00000000e1a00000,0x00000000e1a00000,0x00000000e3380000)
 ParOldGen       total 157184K, used 37207K [0x0000000080000000, 0x0000000089980000, 0x00000000d5580000)
  object space 157184K, 23% used [0x0000000080000000,0x0000000082455cd8,0x0000000089980000)
 Metaspace       used 75183K, capacity 78354K, committed 78424K, reserved 1116160K
  class space    used 10226K, capacity 10862K, committed 10880K, reserved 1048576K
}

